
  .   ____          _            __ _ _
 /\\ / ___'_ __ _ _(_)_ __  __ _ \ \ \ \
( ( )\___ | '_ | '_| | '_ \/ _` | \ \ \ \
 \\/  ___)| |_)| | | | | || (_| |  ) ) ) )
  '  |____| .__|_| |_|_| |_\__, | / / / /
 =========|_|==============|___/=/_/_/_/
 :: Spring Boot ::        (v1.1.6.RELEASE)

2014-09-09 17:15:43.895  INFO 6358 --- [           main] hello.Application                        : Starting Application on sameer.local with PID 6358 (/Users/sgarg/development/code/sameer/examples/spring-mongo-boot/build/libs/gs-spring-mongo-boot-0.1.0.jar started by sgarg in /Users/sgarg/development/code/sameer/examples/spring-mongo-boot)
2014-09-09 17:15:43.899 DEBUG 6358 --- [           main] o.s.boot.SpringApplication               : Loading source class hello.Application
2014-09-09 17:15:43.965  INFO 6358 --- [           main] ationConfigEmbeddedWebApplicationContext : Refreshing org.springframework.boot.context.embedded.AnnotationConfigEmbeddedWebApplicationContext@7cc625e1: startup date [Tue Sep 09 17:15:43 BST 2014]; root of context hierarchy
2014-09-09 17:15:43.969 DEBUG 6358 --- [           main] ationConfigEmbeddedWebApplicationContext : Bean factory for org.springframework.boot.context.embedded.AnnotationConfigEmbeddedWebApplicationContext@7cc625e1: org.springframework.beans.factory.support.DefaultListableBeanFactory@306d94ee: defining beans [org.springframework.context.annotation.internalConfigurationAnnotationProcessor,org.springframework.context.annotation.internalAutowiredAnnotationProcessor,org.springframework.context.annotation.internalRequiredAnnotationProcessor,org.springframework.context.annotation.internalCommonAnnotationProcessor,application]; root of factory hierarchy
2014-09-09 17:15:45.298  INFO 6358 --- [           main] o.s.b.f.s.DefaultListableBeanFactory     : Overriding bean definition for bean 'beanNameViewResolver': replacing [Root bean: class [null]; scope=; abstract=false; lazyInit=false; autowireMode=3; dependencyCheck=0; autowireCandidate=true; primary=false; factoryBeanName=org.springframework.boot.autoconfigure.web.ErrorMvcAutoConfiguration$WhitelabelErrorViewConfiguration; factoryMethodName=beanNameViewResolver; initMethodName=null; destroyMethodName=(inferred); defined in class path resource [org/springframework/boot/autoconfigure/web/ErrorMvcAutoConfiguration$WhitelabelErrorViewConfiguration.class]] with [Root bean: class [null]; scope=; abstract=false; lazyInit=false; autowireMode=3; dependencyCheck=0; autowireCandidate=true; primary=false; factoryBeanName=org.springframework.boot.autoconfigure.web.WebMvcAutoConfiguration$WebMvcAutoConfigurationAdapter; factoryMethodName=beanNameViewResolver; initMethodName=null; destroyMethodName=(inferred); defined in class path resource [org/springframework/boot/autoconfigure/web/WebMvcAutoConfiguration$WebMvcAutoConfigurationAdapter.class]]
2014-09-09 17:15:46.264 DEBUG 6358 --- [           main] ationConfigEmbeddedWebApplicationContext : Unable to locate MessageSource with name 'messageSource': using default [org.springframework.context.support.DelegatingMessageSource@1229db51]
2014-09-09 17:15:46.265 DEBUG 6358 --- [           main] ationConfigEmbeddedWebApplicationContext : Using ApplicationEventMulticaster [org.springframework.context.event.SimpleApplicationEventMulticaster@79fdac27]
2014-09-09 17:15:46.612 DEBUG 6358 --- [           main] e.j.JettyEmbeddedServletContainerFactory : Code archive: /Users/sgarg/development/code/sameer/examples/spring-mongo-boot/build/libs/gs-spring-mongo-boot-0.1.0.jar
2014-09-09 17:15:46.612 DEBUG 6358 --- [           main] e.j.JettyEmbeddedServletContainerFactory : Code archive: /Users/sgarg/development/code/sameer/examples/spring-mongo-boot/build/libs/gs-spring-mongo-boot-0.1.0.jar
2014-09-09 17:15:46.613 DEBUG 6358 --- [           main] e.j.JettyEmbeddedServletContainerFactory : None of the document roots [src/main/webapp, public, static] point to a directory and will be ignored.
2014-09-09 17:15:46.643  INFO 6358 --- [           main] e.j.JettyEmbeddedServletContainerFactory : Server initialized with port: 8080
2014-09-09 17:15:46.648  INFO 6358 --- [           main] org.eclipse.jetty.server.Server          : jetty-8.1.15.v20140411
2014-09-09 17:15:46.722  INFO 6358 --- [           main] /                                        : Initializing Spring embedded WebApplicationContext
2014-09-09 17:15:46.722  INFO 6358 --- [           main] o.s.web.context.ContextLoader            : Root WebApplicationContext: initialization completed in 2759 ms
2014-09-09 17:15:48.283  INFO 6358 --- [           main] o.s.b.c.e.ServletRegistrationBean        : Mapping servlet: 'dispatcherServlet' to [/]
2014-09-09 17:15:48.287  INFO 6358 --- [           main] o.s.b.c.embedded.FilterRegistrationBean  : Mapping filter: 'metricFilter' to: [/*]
2014-09-09 17:15:48.289  INFO 6358 --- [           main] o.s.b.c.embedded.FilterRegistrationBean  : Mapping filter: 'hiddenHttpMethodFilter' to: [/*]
2014-09-09 17:15:48.289  INFO 6358 --- [           main] o.s.b.c.embedded.FilterRegistrationBean  : Mapping filter: 'applicationContextIdFilter' to: [/*]
2014-09-09 17:15:48.289  INFO 6358 --- [           main] o.s.b.c.embedded.FilterRegistrationBean  : Mapping filter: 'webRequestLoggingFilter' to: [/*]
2014-09-09 17:15:48.641  INFO 6358 --- [           main] o.s.d.r.w.RepositoryRestHandlerMapping   : Mapped "{[/{repository}],methods=[HEAD],params=[],headers=[],consumes=[],produces=[],custom=[]}" onto public org.springframework.http.ResponseEntity<?> org.springframework.data.rest.webmvc.RepositoryEntityController.headCollectionResource(org.springframework.data.rest.webmvc.RootResourceInformation) throws org.springframework.web.HttpRequestMethodNotSupportedException
2014-09-09 17:15:48.642  INFO 6358 --- [           main] o.s.d.r.w.RepositoryRestHandlerMapping   : Mapped "{[/{repository}],methods=[GET],params=[],headers=[],consumes=[],produces=[],custom=[]}" onto public org.springframework.hateoas.Resources<?> org.springframework.data.rest.webmvc.RepositoryEntityController.getCollectionResource(org.springframework.data.rest.webmvc.RootResourceInformation,org.springframework.data.domain.Pageable,org.springframework.data.domain.Sort,org.springframework.data.rest.webmvc.PersistentEntityResourceAssembler) throws org.springframework.data.rest.webmvc.ResourceNotFoundException,org.springframework.web.HttpRequestMethodNotSupportedException
2014-09-09 17:15:48.642  INFO 6358 --- [           main] o.s.d.r.w.RepositoryRestHandlerMapping   : Mapped "{[/{repository}],methods=[GET],params=[],headers=[],consumes=[],produces=[application/x-spring-data-compact+json || text/uri-list],custom=[]}" onto public org.springframework.hateoas.Resources<?> org.springframework.data.rest.webmvc.RepositoryEntityController.getCollectionResourceCompact(org.springframework.data.rest.webmvc.RootResourceInformation,org.springframework.data.domain.Pageable,org.springframework.data.domain.Sort,org.springframework.data.rest.webmvc.PersistentEntityResourceAssembler) throws org.springframework.data.rest.webmvc.ResourceNotFoundException,org.springframework.web.HttpRequestMethodNotSupportedException
2014-09-09 17:15:48.642  INFO 6358 --- [           main] o.s.d.r.w.RepositoryRestHandlerMapping   : Mapped "{[/{repository}],methods=[POST],params=[],headers=[],consumes=[],produces=[],custom=[]}" onto public org.springframework.http.ResponseEntity<org.springframework.hateoas.ResourceSupport> org.springframework.data.rest.webmvc.RepositoryEntityController.postCollectionResource(org.springframework.data.rest.webmvc.RootResourceInformation,org.springframework.data.rest.webmvc.PersistentEntityResource<?>,org.springframework.data.rest.webmvc.PersistentEntityResourceAssembler) throws org.springframework.web.HttpRequestMethodNotSupportedException
2014-09-09 17:15:48.642  INFO 6358 --- [           main] o.s.d.r.w.RepositoryRestHandlerMapping   : Mapped "{[/{repository}/{id}],methods=[HEAD],params=[],headers=[],consumes=[],produces=[],custom=[]}" onto public org.springframework.http.ResponseEntity<?> org.springframework.data.rest.webmvc.RepositoryEntityController.headItemResource(org.springframework.data.rest.webmvc.RootResourceInformation,java.io.Serializable) throws org.springframework.web.HttpRequestMethodNotSupportedException
2014-09-09 17:15:48.643  INFO 6358 --- [           main] o.s.d.r.w.RepositoryRestHandlerMapping   : Mapped "{[/{repository}/{id}],methods=[GET],params=[],headers=[],consumes=[],produces=[],custom=[]}" onto public org.springframework.http.ResponseEntity<org.springframework.hateoas.Resource<?>> org.springframework.data.rest.webmvc.RepositoryEntityController.getItemResource(org.springframework.data.rest.webmvc.RootResourceInformation,java.io.Serializable,org.springframework.data.rest.webmvc.PersistentEntityResourceAssembler) throws org.springframework.web.HttpRequestMethodNotSupportedException
2014-09-09 17:15:48.643  INFO 6358 --- [           main] o.s.d.r.w.RepositoryRestHandlerMapping   : Mapped "{[/{repository}/{id}],methods=[PUT],params=[],headers=[],consumes=[],produces=[],custom=[]}" onto public org.springframework.http.ResponseEntity<? extends org.springframework.hateoas.ResourceSupport> org.springframework.data.rest.webmvc.RepositoryEntityController.putItemResource(org.springframework.data.rest.webmvc.RootResourceInformation,org.springframework.data.rest.webmvc.PersistentEntityResource<java.lang.Object>,java.io.Serializable,org.springframework.data.rest.webmvc.PersistentEntityResourceAssembler) throws org.springframework.web.HttpRequestMethodNotSupportedException
2014-09-09 17:15:48.643  INFO 6358 --- [           main] o.s.d.r.w.RepositoryRestHandlerMapping   : Mapped "{[/{repository}/{id}],methods=[PATCH],params=[],headers=[],consumes=[],produces=[],custom=[]}" onto public org.springframework.http.ResponseEntity<org.springframework.hateoas.ResourceSupport> org.springframework.data.rest.webmvc.RepositoryEntityController.patchItemResource(org.springframework.data.rest.webmvc.RootResourceInformation,org.springframework.data.rest.webmvc.PersistentEntityResource<java.lang.Object>,java.io.Serializable,org.springframework.data.rest.webmvc.PersistentEntityResourceAssembler) throws org.springframework.web.HttpRequestMethodNotSupportedException,org.springframework.data.rest.webmvc.ResourceNotFoundException
2014-09-09 17:15:48.643  INFO 6358 --- [           main] o.s.d.r.w.RepositoryRestHandlerMapping   : Mapped "{[/{repository}/{id}],methods=[DELETE],params=[],headers=[],consumes=[],produces=[],custom=[]}" onto public org.springframework.http.ResponseEntity<?> org.springframework.data.rest.webmvc.RepositoryEntityController.deleteItemResource(org.springframework.data.rest.webmvc.RootResourceInformation,java.io.Serializable) throws org.springframework.data.rest.webmvc.ResourceNotFoundException,org.springframework.web.HttpRequestMethodNotSupportedException
2014-09-09 17:15:48.645  INFO 6358 --- [           main] o.s.d.r.w.RepositoryRestHandlerMapping   : Mapped "{[/],methods=[GET],params=[],headers=[],consumes=[],produces=[],custom=[]}" onto public org.springframework.data.rest.webmvc.RepositoryLinksResource org.springframework.data.rest.webmvc.RepositoryController.listRepositories()
2014-09-09 17:15:48.648  INFO 6358 --- [           main] o.s.d.r.w.RepositoryRestHandlerMapping   : Mapped "{[/{repository}/{id}/{property}],methods=[GET],params=[],headers=[],consumes=[],produces=[],custom=[]}" onto public org.springframework.http.ResponseEntity<org.springframework.hateoas.ResourceSupport> org.springframework.data.rest.webmvc.RepositoryPropertyReferenceController.followPropertyReference(org.springframework.data.rest.webmvc.RootResourceInformation,java.io.Serializable,java.lang.String,org.springframework.data.rest.webmvc.PersistentEntityResourceAssembler) throws java.lang.Exception
2014-09-09 17:15:48.648  INFO 6358 --- [           main] o.s.d.r.w.RepositoryRestHandlerMapping   : Mapped "{[/{repository}/{id}/{property}/{propertyId}],methods=[GET],params=[],headers=[],consumes=[],produces=[],custom=[]}" onto public org.springframework.http.ResponseEntity<org.springframework.hateoas.ResourceSupport> org.springframework.data.rest.webmvc.RepositoryPropertyReferenceController.followPropertyReference(org.springframework.data.rest.webmvc.RootResourceInformation,java.io.Serializable,java.lang.String,java.lang.String,org.springframework.data.rest.webmvc.PersistentEntityResourceAssembler) throws java.lang.Exception
2014-09-09 17:15:48.649  INFO 6358 --- [           main] o.s.d.r.w.RepositoryRestHandlerMapping   : Mapped "{[/{repository}/{id}/{property}],methods=[DELETE],params=[],headers=[],consumes=[],produces=[],custom=[]}" onto public org.springframework.http.ResponseEntity<? extends org.springframework.hateoas.ResourceSupport> org.springframework.data.rest.webmvc.RepositoryPropertyReferenceController.deletePropertyReference(org.springframework.data.rest.webmvc.RootResourceInformation,java.io.Serializable,java.lang.String) throws java.lang.Exception
2014-09-09 17:15:48.649  INFO 6358 --- [           main] o.s.d.r.w.RepositoryRestHandlerMapping   : Mapped "{[/{repository}/{id}/{property}],methods=[GET],params=[],headers=[],consumes=[],produces=[application/x-spring-data-compact+json || text/uri-list],custom=[]}" onto public org.springframework.http.ResponseEntity<org.springframework.hateoas.ResourceSupport> org.springframework.data.rest.webmvc.RepositoryPropertyReferenceController.followPropertyReferenceCompact(org.springframework.data.rest.webmvc.RootResourceInformation,java.io.Serializable,java.lang.String,org.springframework.data.rest.webmvc.PersistentEntityResourceAssembler) throws java.lang.Exception
2014-09-09 17:15:48.649  INFO 6358 --- [           main] o.s.d.r.w.RepositoryRestHandlerMapping   : Mapped "{[/{repository}/{id}/{property}],methods=[PATCH || PUT],params=[],headers=[],consumes=[application/json || application/x-spring-data-compact+json || text/uri-list],produces=[],custom=[]}" onto public org.springframework.http.ResponseEntity<? extends org.springframework.hateoas.ResourceSupport> org.springframework.data.rest.webmvc.RepositoryPropertyReferenceController.createPropertyReference(org.springframework.data.rest.webmvc.RootResourceInformation,org.springframework.http.HttpMethod,org.springframework.hateoas.Resources<java.lang.Object>,java.io.Serializable,java.lang.String) throws java.lang.Exception
2014-09-09 17:15:48.650  INFO 6358 --- [           main] o.s.d.r.w.RepositoryRestHandlerMapping   : Mapped "{[/{repository}/{id}/{property}/{propertyId}],methods=[DELETE],params=[],headers=[],consumes=[],produces=[],custom=[]}" onto public org.springframework.http.ResponseEntity<org.springframework.hateoas.ResourceSupport> org.springframework.data.rest.webmvc.RepositoryPropertyReferenceController.deletePropertyReferenceId(org.springframework.data.rest.webmvc.RootResourceInformation,java.io.Serializable,java.lang.String,java.lang.String) throws java.lang.Exception
2014-09-09 17:15:48.650  INFO 6358 --- [           main] o.s.d.r.w.RepositoryRestHandlerMapping   : Mapped "{[/{repository}/schema],methods=[GET],params=[],headers=[],consumes=[],produces=[application/schema+json],custom=[]}" onto public org.springframework.http.HttpEntity<org.springframework.data.rest.webmvc.json.JsonSchema> org.springframework.data.rest.webmvc.RepositorySchemaController.schema(org.springframework.data.rest.webmvc.RootResourceInformation)
2014-09-09 17:15:48.652  INFO 6358 --- [           main] o.s.d.r.w.RepositoryRestHandlerMapping   : Mapped "{[/{repository}/search],methods=[HEAD],params=[],headers=[],consumes=[],produces=[],custom=[]}" onto public org.springframework.http.HttpEntity<?> org.springframework.data.rest.webmvc.RepositorySearchController.headForSearches(org.springframework.data.rest.webmvc.RootResourceInformation)
2014-09-09 17:15:48.653  INFO 6358 --- [           main] o.s.d.r.w.RepositoryRestHandlerMapping   : Mapped "{[/{repository}/search],methods=[GET],params=[],headers=[],consumes=[],produces=[],custom=[]}" onto public org.springframework.hateoas.ResourceSupport org.springframework.data.rest.webmvc.RepositorySearchController.listSearches(org.springframework.data.rest.webmvc.RootResourceInformation)
2014-09-09 17:15:48.653  INFO 6358 --- [           main] o.s.d.r.w.RepositoryRestHandlerMapping   : Mapped "{[/{repository}/search/{search}],methods=[GET],params=[],headers=[],consumes=[],produces=[],custom=[]}" onto public org.springframework.http.ResponseEntity<java.lang.Object> org.springframework.data.rest.webmvc.RepositorySearchController.executeSearch(org.springframework.data.rest.webmvc.RootResourceInformation,org.springframework.web.context.request.WebRequest,java.lang.String,org.springframework.data.domain.Pageable,org.springframework.data.rest.webmvc.PersistentEntityResourceAssembler)
2014-09-09 17:15:48.653  INFO 6358 --- [           main] o.s.d.r.w.RepositoryRestHandlerMapping   : Mapped "{[/{repository}/search/{search}],methods=[GET],params=[],headers=[],consumes=[],produces=[application/x-spring-data-compact+json],custom=[]}" onto public org.springframework.hateoas.ResourceSupport org.springframework.data.rest.webmvc.RepositorySearchController.executeSearchCompact(org.springframework.data.rest.webmvc.RootResourceInformation,org.springframework.web.context.request.WebRequest,java.lang.String,java.lang.String,org.springframework.data.domain.Pageable,org.springframework.data.rest.webmvc.PersistentEntityResourceAssembler)
2014-09-09 17:15:48.653  INFO 6358 --- [           main] o.s.d.r.w.RepositoryRestHandlerMapping   : Mapped "{[/{repository}/search/{search}],methods=[HEAD],params=[],headers=[],consumes=[],produces=[],custom=[]}" onto public org.springframework.http.ResponseEntity<java.lang.Object> org.springframework.data.rest.webmvc.RepositorySearchController.headForSearch(org.springframework.data.rest.webmvc.RootResourceInformation,java.lang.String)
2014-09-09 17:15:48.772  INFO 6358 --- [           main] o.s.w.s.handler.SimpleUrlHandlerMapping  : Mapped URL path [/**/favicon.ico] onto handler of type [class org.springframework.web.servlet.resource.ResourceHttpRequestHandler]
2014-09-09 17:15:48.815  INFO 6358 --- [           main] s.w.s.m.m.a.RequestMappingHandlerMapping : Mapped "{[/error],methods=[],params=[],headers=[],consumes=[],produces=[],custom=[]}" onto public org.springframework.http.ResponseEntity<java.util.Map<java.lang.String, java.lang.Object>> org.springframework.boot.autoconfigure.web.BasicErrorController.error(javax.servlet.http.HttpServletRequest)
2014-09-09 17:15:48.815  INFO 6358 --- [           main] s.w.s.m.m.a.RequestMappingHandlerMapping : Mapped "{[/error],methods=[],params=[],headers=[],consumes=[],produces=[text/html],custom=[]}" onto public org.springframework.web.servlet.ModelAndView org.springframework.boot.autoconfigure.web.BasicErrorController.errorHtml(javax.servlet.http.HttpServletRequest)
2014-09-09 17:15:48.836  INFO 6358 --- [           main] o.s.w.s.handler.SimpleUrlHandlerMapping  : Mapped URL path [/**] onto handler of type [class org.springframework.web.servlet.resource.ResourceHttpRequestHandler]
2014-09-09 17:15:48.836  INFO 6358 --- [           main] o.s.w.s.handler.SimpleUrlHandlerMapping  : Mapped URL path [/webjars/**] onto handler of type [class org.springframework.web.servlet.resource.ResourceHttpRequestHandler]
2014-09-09 17:15:49.404  INFO 6358 --- [           main] o.s.j.e.a.AnnotationMBeanExporter        : Registering beans for JMX exposure on startup
2014-09-09 17:15:49.458  INFO 6358 --- [           main] o.s.b.a.e.jmx.EndpointMBeanExporter      : Registering beans for JMX exposure on startup
2014-09-09 17:15:49.567 DEBUG 6358 --- [           main] o.s.b.a.e.mvc.EndpointHandlerMapping     : Looking for request mappings in application context: org.springframework.boot.context.embedded.AnnotationConfigEmbeddedWebApplicationContext@7cc625e1: startup date [Tue Sep 09 17:15:43 BST 2014]; root of context hierarchy
2014-09-09 17:15:49.568  INFO 6358 --- [           main] o.s.b.a.e.mvc.EndpointHandlerMapping     : Mapped "{[/health],methods=[],params=[],headers=[],consumes=[],produces=[],custom=[]}" onto public java.lang.Object org.springframework.boot.actuate.endpoint.mvc.HealthMvcEndpoint.invoke()
2014-09-09 17:15:49.569  INFO 6358 --- [           main] o.s.b.a.e.mvc.EndpointHandlerMapping     : Mapped "{[/autoconfig],methods=[GET],params=[],headers=[],consumes=[],produces=[],custom=[]}" onto public java.lang.Object org.springframework.boot.actuate.endpoint.mvc.EndpointMvcAdapter.invoke()
2014-09-09 17:15:49.569  INFO 6358 --- [           main] o.s.b.a.e.mvc.EndpointHandlerMapping     : Mapped "{[/metrics/{name:.*}],methods=[GET],params=[],headers=[],consumes=[],produces=[],custom=[]}" onto public java.lang.Object org.springframework.boot.actuate.endpoint.mvc.MetricsMvcEndpoint.value(java.lang.String)
2014-09-09 17:15:49.570  INFO 6358 --- [           main] o.s.b.a.e.mvc.EndpointHandlerMapping     : Mapped "{[/metrics],methods=[GET],params=[],headers=[],consumes=[],produces=[],custom=[]}" onto public java.lang.Object org.springframework.boot.actuate.endpoint.mvc.EndpointMvcAdapter.invoke()
2014-09-09 17:15:49.570  INFO 6358 --- [           main] o.s.b.a.e.mvc.EndpointHandlerMapping     : Mapped "{[/mappings],methods=[GET],params=[],headers=[],consumes=[],produces=[],custom=[]}" onto public java.lang.Object org.springframework.boot.actuate.endpoint.mvc.EndpointMvcAdapter.invoke()
2014-09-09 17:15:49.570  INFO 6358 --- [           main] o.s.b.a.e.mvc.EndpointHandlerMapping     : Mapped "{[/dump],methods=[GET],params=[],headers=[],consumes=[],produces=[],custom=[]}" onto public java.lang.Object org.springframework.boot.actuate.endpoint.mvc.EndpointMvcAdapter.invoke()
2014-09-09 17:15:49.571  INFO 6358 --- [           main] o.s.b.a.e.mvc.EndpointHandlerMapping     : Mapped "{[/env/{name:.*}],methods=[GET],params=[],headers=[],consumes=[],produces=[],custom=[]}" onto public java.lang.Object org.springframework.boot.actuate.endpoint.mvc.EnvironmentMvcEndpoint.value(java.lang.String)
2014-09-09 17:15:49.571  INFO 6358 --- [           main] o.s.b.a.e.mvc.EndpointHandlerMapping     : Mapped "{[/env],methods=[GET],params=[],headers=[],consumes=[],produces=[],custom=[]}" onto public java.lang.Object org.springframework.boot.actuate.endpoint.mvc.EndpointMvcAdapter.invoke()
2014-09-09 17:15:49.572  INFO 6358 --- [           main] o.s.b.a.e.mvc.EndpointHandlerMapping     : Mapped "{[/configprops],methods=[GET],params=[],headers=[],consumes=[],produces=[],custom=[]}" onto public java.lang.Object org.springframework.boot.actuate.endpoint.mvc.EndpointMvcAdapter.invoke()
2014-09-09 17:15:49.572  INFO 6358 --- [           main] o.s.b.a.e.mvc.EndpointHandlerMapping     : Mapped "{[/beans],methods=[GET],params=[],headers=[],consumes=[],produces=[],custom=[]}" onto public java.lang.Object org.springframework.boot.actuate.endpoint.mvc.EndpointMvcAdapter.invoke()
2014-09-09 17:15:49.572  INFO 6358 --- [           main] o.s.b.a.e.mvc.EndpointHandlerMapping     : Mapped "{[/info],methods=[GET],params=[],headers=[],consumes=[],produces=[],custom=[]}" onto public java.lang.Object org.springframework.boot.actuate.endpoint.mvc.EndpointMvcAdapter.invoke()
2014-09-09 17:15:49.573  INFO 6358 --- [           main] o.s.b.a.e.mvc.EndpointHandlerMapping     : Mapped "{[/trace],methods=[GET],params=[],headers=[],consumes=[],produces=[],custom=[]}" onto public java.lang.Object org.springframework.boot.actuate.endpoint.mvc.EndpointMvcAdapter.invoke()
2014-09-09 17:15:49.628 DEBUG 6358 --- [           main] ationConfigEmbeddedWebApplicationContext : Unable to locate LifecycleProcessor with name 'lifecycleProcessor': using default [org.springframework.context.support.DefaultLifecycleProcessor@7e0e42af]
2014-09-09 17:15:49.631  INFO 6358 --- [           main] o.s.c.support.DefaultLifecycleProcessor  : Starting beans in phase 0
2014-09-09 17:15:49.634  INFO 6358 --- [           main] o.s.b.a.e.jmx.EndpointMBeanExporter      : Located managed bean 'requestMappingEndpoint': registering with JMX server as MBean [org.springframework.boot:type=Endpoint,name=requestMappingEndpoint]
2014-09-09 17:15:49.676  INFO 6358 --- [           main] o.s.b.a.e.jmx.EndpointMBeanExporter      : Located managed bean 'environmentEndpoint': registering with JMX server as MBean [org.springframework.boot:type=Endpoint,name=environmentEndpoint]
2014-09-09 17:15:49.684  INFO 6358 --- [           main] o.s.b.a.e.jmx.EndpointMBeanExporter      : Located managed bean 'healthEndpoint': registering with JMX server as MBean [org.springframework.boot:type=Endpoint,name=healthEndpoint]
2014-09-09 17:15:49.691  INFO 6358 --- [           main] o.s.b.a.e.jmx.EndpointMBeanExporter      : Located managed bean 'beansEndpoint': registering with JMX server as MBean [org.springframework.boot:type=Endpoint,name=beansEndpoint]
2014-09-09 17:15:49.698  INFO 6358 --- [           main] o.s.b.a.e.jmx.EndpointMBeanExporter      : Located managed bean 'infoEndpoint': registering with JMX server as MBean [org.springframework.boot:type=Endpoint,name=infoEndpoint]
2014-09-09 17:15:49.705  INFO 6358 --- [           main] o.s.b.a.e.jmx.EndpointMBeanExporter      : Located managed bean 'metricsEndpoint': registering with JMX server as MBean [org.springframework.boot:type=Endpoint,name=metricsEndpoint]
2014-09-09 17:15:49.712  INFO 6358 --- [           main] o.s.b.a.e.jmx.EndpointMBeanExporter      : Located managed bean 'traceEndpoint': registering with JMX server as MBean [org.springframework.boot:type=Endpoint,name=traceEndpoint]
2014-09-09 17:15:49.720  INFO 6358 --- [           main] o.s.b.a.e.jmx.EndpointMBeanExporter      : Located managed bean 'dumpEndpoint': registering with JMX server as MBean [org.springframework.boot:type=Endpoint,name=dumpEndpoint]
2014-09-09 17:15:49.733  INFO 6358 --- [           main] o.s.b.a.e.jmx.EndpointMBeanExporter      : Located managed bean 'autoConfigurationAuditEndpoint': registering with JMX server as MBean [org.springframework.boot:type=Endpoint,name=autoConfigurationAuditEndpoint]
2014-09-09 17:15:49.741  INFO 6358 --- [           main] o.s.b.a.e.jmx.EndpointMBeanExporter      : Located managed bean 'shutdownEndpoint': registering with JMX server as MBean [org.springframework.boot:type=Endpoint,name=shutdownEndpoint]
2014-09-09 17:15:49.758  INFO 6358 --- [           main] o.s.b.a.e.jmx.EndpointMBeanExporter      : Located managed bean 'configurationPropertiesReportEndpoint': registering with JMX server as MBean [org.springframework.boot:type=Endpoint,name=configurationPropertiesReportEndpoint]
2014-09-09 17:15:49.768 DEBUG 6358 --- [           main] utoConfigurationReportLoggingInitializer : 


=========================
AUTO-CONFIGURATION REPORT
=========================


Positive matches:
-----------------

   AuditAutoConfiguration.AuditEventRepositoryConfiguration
      - @ConditionalOnMissingBean (types: org.springframework.boot.actuate.audit.AuditEventRepository; SearchStrategy: all) found no beans (OnBeanCondition)

   DispatcherServletAutoConfiguration
      - found web application StandardServletEnvironment (OnWebApplicationCondition)
      - @ConditionalOnClass classes found: org.springframework.web.servlet.DispatcherServlet (OnClassCondition)

   DispatcherServletAutoConfiguration.DispatcherServletConfiguration
      - no ServletRegistrationBean found (DispatcherServletAutoConfiguration.DefaultDispatcherServletCondition)
      - @ConditionalOnClass classes found: javax.servlet.ServletRegistration (OnClassCondition)

   EmbeddedServletContainerAutoConfiguration
      - found web application StandardServletEnvironment (OnWebApplicationCondition)

   EmbeddedServletContainerAutoConfiguration.EmbeddedJetty
      - @ConditionalOnClass classes found: javax.servlet.Servlet,org.eclipse.jetty.server.Server,org.eclipse.jetty.util.Loader (OnClassCondition)
      - @ConditionalOnMissingBean (types: org.springframework.boot.context.embedded.EmbeddedServletContainerFactory; SearchStrategy: current) found no beans (OnBeanCondition)

   EndpointAutoConfiguration#autoConfigurationAuditEndpoint
      - @ConditionalOnBean (types: org.springframework.boot.autoconfigure.condition.ConditionEvaluationReport; SearchStrategy: all) found the following [autoConfigurationReport] @ConditionalOnMissingBean (types: org.springframework.boot.actuate.endpoint.AutoConfigurationReportEndpoint; SearchStrategy: current) found no beans (OnBeanCondition)

   EndpointAutoConfiguration#beansEndpoint
      - @ConditionalOnMissingBean (types: org.springframework.boot.actuate.endpoint.BeansEndpoint; SearchStrategy: all) found no beans (OnBeanCondition)

   EndpointAutoConfiguration#configurationPropertiesReportEndpoint
      - @ConditionalOnMissingBean (types: org.springframework.boot.actuate.endpoint.ConfigurationPropertiesReportEndpoint; SearchStrategy: all) found no beans (OnBeanCondition)

   EndpointAutoConfiguration#dumpEndpoint
      - @ConditionalOnMissingBean (types: org.springframework.boot.actuate.endpoint.DumpEndpoint; SearchStrategy: all) found no beans (OnBeanCondition)

   EndpointAutoConfiguration#environmentEndpoint
      - @ConditionalOnMissingBean (types: org.springframework.boot.actuate.endpoint.EnvironmentEndpoint; SearchStrategy: all) found no beans (OnBeanCondition)

   EndpointAutoConfiguration#healthEndpoint
      - @ConditionalOnMissingBean (types: org.springframework.boot.actuate.endpoint.HealthEndpoint; SearchStrategy: all) found no beans (OnBeanCondition)

   EndpointAutoConfiguration#infoEndpoint
      - @ConditionalOnMissingBean (types: org.springframework.boot.actuate.endpoint.InfoEndpoint; SearchStrategy: all) found no beans (OnBeanCondition)

   EndpointAutoConfiguration#metricsEndpoint
      - @ConditionalOnMissingBean (types: org.springframework.boot.actuate.endpoint.MetricsEndpoint; SearchStrategy: all) found no beans (OnBeanCondition)

   EndpointAutoConfiguration#shutdownEndpoint
      - @ConditionalOnMissingBean (types: org.springframework.boot.actuate.endpoint.ShutdownEndpoint; SearchStrategy: all) found no beans (OnBeanCondition)

   EndpointAutoConfiguration#traceEndpoint
      - @ConditionalOnMissingBean (types: org.springframework.boot.actuate.endpoint.TraceEndpoint; SearchStrategy: all) found no beans (OnBeanCondition)

   EndpointAutoConfiguration.RequestMappingEndpointConfiguration
      - @ConditionalOnClass classes found: org.springframework.web.servlet.handler.AbstractHandlerMethodMapping (OnClassCondition)

   EndpointAutoConfiguration.RequestMappingEndpointConfiguration#requestMappingEndpoint
      - @ConditionalOnMissingBean (types: org.springframework.boot.actuate.endpoint.RequestMappingEndpoint; SearchStrategy: all) found no beans (OnBeanCondition)

   EndpointMBeanExportAutoConfiguration
      - SpEL expression on org.springframework.boot.actuate.autoconfigure.EndpointMBeanExportAutoConfiguration: ${endpoints.jmx.enabled:true} && ${spring.jmx.enabled:true} (OnExpressionCondition)

   EndpointWebMvcAutoConfiguration
      - @ConditionalOnClass classes found: javax.servlet.Servlet,org.springframework.web.servlet.DispatcherServlet (OnClassCondition)
      - found web application StandardServletEnvironment (OnWebApplicationCondition)

   EndpointWebMvcAutoConfiguration#endpointHandlerMapping
      - @ConditionalOnMissingBean (types: org.springframework.boot.actuate.endpoint.mvc.EndpointHandlerMapping; SearchStrategy: all) found no beans (OnBeanCondition)

   EndpointWebMvcAutoConfiguration#environmentMvcEndpoint
      - @ConditionalOnBean (types: org.springframework.boot.actuate.endpoint.EnvironmentEndpoint; SearchStrategy: all) found the following [environmentEndpoint] (OnBeanCondition)
      - SpEL expression: ${endpoints.env.enabled:true} (OnExpressionCondition)

   EndpointWebMvcAutoConfiguration#healthMvcEndpoint
      - @ConditionalOnBean (types: org.springframework.boot.actuate.endpoint.HealthEndpoint; SearchStrategy: all) found the following [healthEndpoint] (OnBeanCondition)
      - SpEL expression: ${endpoints.health.enabled:true} (OnExpressionCondition)

   EndpointWebMvcAutoConfiguration#metricsMvcEndpoint
      - @ConditionalOnBean (types: org.springframework.boot.actuate.endpoint.MetricsEndpoint; SearchStrategy: all) found the following [metricsEndpoint] (OnBeanCondition)
      - SpEL expression: ${endpoints.metrics.enabled:true} (OnExpressionCondition)

   EndpointWebMvcAutoConfiguration#mvcEndpoints
      - @ConditionalOnMissingBean (types: org.springframework.boot.actuate.endpoint.mvc.MvcEndpoints; SearchStrategy: all) found no beans (OnBeanCondition)

   ErrorMvcAutoConfiguration
      - @ConditionalOnClass classes found: javax.servlet.Servlet,org.springframework.web.servlet.DispatcherServlet (OnClassCondition)
      - found web application StandardServletEnvironment (OnWebApplicationCondition)

   ErrorMvcAutoConfiguration#basicErrorController
      - @ConditionalOnMissingBean (types: org.springframework.boot.autoconfigure.web.ErrorController; SearchStrategy: current) found no beans (OnBeanCondition)

   ErrorMvcAutoConfiguration#errorAttributes
      - @ConditionalOnMissingBean (types: org.springframework.boot.autoconfigure.web.ErrorAttributes; SearchStrategy: current) found no beans (OnBeanCondition)

   ErrorMvcAutoConfiguration.WhitelabelErrorViewConfiguration
      - No error template view detected (ErrorMvcAutoConfiguration.ErrorTemplateMissingCondition)
      - SpEL expression on org.springframework.boot.autoconfigure.web.ErrorMvcAutoConfiguration$WhitelabelErrorViewConfiguration: ${error.whitelabel.enabled:true} (OnExpressionCondition)

   ErrorMvcAutoConfiguration.WhitelabelErrorViewConfiguration#beanNameViewResolver
      - @ConditionalOnMissingBean (types: org.springframework.web.servlet.view.BeanNameViewResolver; SearchStrategy: all) found no beans (OnBeanCondition)

   ErrorMvcAutoConfiguration.WhitelabelErrorViewConfiguration#defaultErrorView
      - @ConditionalOnMissingBean (names: error; SearchStrategy: all) found no beans (OnBeanCondition)

   HealthIndicatorAutoConfiguration#healthAggregator
      - @ConditionalOnMissingBean (types: org.springframework.boot.actuate.health.HealthAggregator; SearchStrategy: all) found no beans (OnBeanCondition)

   HealthIndicatorAutoConfiguration.MongoHealthIndicatorConfiguration
      - SpEL expression on org.springframework.boot.actuate.autoconfigure.HealthIndicatorAutoConfiguration$MongoHealthIndicatorConfiguration: ${health.mongo.enabled:true} (OnExpressionCondition)
      - @ConditionalOnBean (types: org.springframework.data.mongodb.core.MongoTemplate; SearchStrategy: all) found the following [mongoTemplate] (OnBeanCondition)

   HealthIndicatorAutoConfiguration.MongoHealthIndicatorConfiguration#mongoHealthIndicator
      - @ConditionalOnMissingBean (names: mongoHealthIndicator; SearchStrategy: all) found no beans (OnBeanCondition)

   HttpMessageConvertersAutoConfiguration
      - @ConditionalOnClass classes found: org.springframework.http.converter.HttpMessageConverter (OnClassCondition)

   HttpMessageConvertersAutoConfiguration#messageConverters
      - @ConditionalOnMissingBean (types: org.springframework.boot.autoconfigure.web.HttpMessageConverters; SearchStrategy: all) found no beans (OnBeanCondition)

   HttpMessageConvertersAutoConfiguration.ObjectMappers
      - @ConditionalOnClass classes found: com.fasterxml.jackson.databind.ObjectMapper (OnClassCondition)

   HypermediaAutoConfiguration
      - @ConditionalOnClass classes found: org.springframework.hateoas.Resource,org.springframework.web.bind.annotation.RequestMapping,org.springframework.plugin.core.Plugin (OnClassCondition)
      - found web application StandardServletEnvironment (OnWebApplicationCondition)

   JacksonAutoConfiguration
      - @ConditionalOnClass classes found: com.fasterxml.jackson.databind.ObjectMapper (OnClassCondition)

   JacksonAutoConfiguration.JacksonObjectMapperAutoConfiguration
      - @ConditionalOnClass classes found: com.fasterxml.jackson.databind.ObjectMapper (OnClassCondition)

   JmxAutoConfiguration
      - @ConditionalOnClass classes found: org.springframework.jmx.export.MBeanExporter (OnClassCondition)
      - SpEL expression on org.springframework.boot.autoconfigure.jmx.JmxAutoConfiguration: ${spring.jmx.enabled:true} (OnExpressionCondition)

   JmxAutoConfiguration#mbeanServer
      - @ConditionalOnMissingBean (types: javax.management.MBeanServer; SearchStrategy: all) found no beans (OnBeanCondition)

   JmxAutoConfiguration#objectNamingStrategy
      - @ConditionalOnMissingBean (types: org.springframework.jmx.export.naming.ObjectNamingStrategy; SearchStrategy: all) found no beans (OnBeanCondition)

   ManagementServerPropertiesAutoConfiguration#managementServerProperties
      - @ConditionalOnMissingBean (types: org.springframework.boot.actuate.autoconfigure.ManagementServerProperties; SearchStrategy: all) found no beans (OnBeanCondition)

   MetricFilterAutoConfiguration
      - @ConditionalOnClass classes found: javax.servlet.Servlet,javax.servlet.ServletRegistration (OnClassCondition)
      - @ConditionalOnBean (types: org.springframework.boot.actuate.metrics.CounterService,org.springframework.boot.actuate.metrics.GaugeService; SearchStrategy: all) found the following [counterService, gaugeService] (OnBeanCondition)

   MetricRepositoryAutoConfiguration#counterService
      - @ConditionalOnMissingBean (types: org.springframework.boot.actuate.metrics.CounterService; SearchStrategy: all) found no beans (OnBeanCondition)

   MetricRepositoryAutoConfiguration#gaugeService
      - @ConditionalOnMissingBean (types: org.springframework.boot.actuate.metrics.GaugeService; SearchStrategy: all) found no beans (OnBeanCondition)

   MetricRepositoryAutoConfiguration.MetricRepositoryConfiguration
      - @ConditionalOnMissingBean (types: org.springframework.boot.actuate.metrics.repository.MetricRepository; SearchStrategy: all) found no beans (OnBeanCondition)

   MongoAutoConfiguration
      - @ConditionalOnClass classes found: com.mongodb.Mongo (OnClassCondition)

   MongoAutoConfiguration#mongo
      - @ConditionalOnMissingBean (types: com.mongodb.Mongo; SearchStrategy: all) found no beans (OnBeanCondition)

   MongoDataAutoConfiguration
      - @ConditionalOnClass classes found: com.mongodb.Mongo,org.springframework.data.mongodb.core.MongoTemplate (OnClassCondition)
      - @ConditionalOnBean (types: org.springframework.boot.autoconfigure.mongo.MongoProperties; SearchStrategy: all) found the following [spring.data.mongodb.CONFIGURATION_PROPERTIES] (OnBeanCondition)

   MongoDataAutoConfiguration#gridFsTemplate
      - @ConditionalOnMissingBean (types: org.springframework.data.mongodb.gridfs.GridFsTemplate; SearchStrategy: all) found no beans (OnBeanCondition)

   MongoDataAutoConfiguration#mongoDbFactory
      - @ConditionalOnMissingBean (types: org.springframework.data.mongodb.MongoDbFactory; SearchStrategy: all) found no beans (OnBeanCondition)

   MongoDataAutoConfiguration#mongoTemplate
      - @ConditionalOnMissingBean (types: org.springframework.data.mongodb.core.MongoTemplate; SearchStrategy: all) found no beans (OnBeanCondition)

   MultipartAutoConfiguration
      - @ConditionalOnClass classes found: javax.servlet.Servlet,org.springframework.web.multipart.support.StandardServletMultipartResolver,javax.servlet.MultipartConfigElement (OnClassCondition)
      - SpEL expression on org.springframework.boot.autoconfigure.web.MultipartAutoConfiguration: ${multipart.enabled:true} (OnExpressionCondition)

   MultipartAutoConfiguration#multipartConfigElement
      - @ConditionalOnMissingBean (types: javax.servlet.MultipartConfigElement; SearchStrategy: all) found no beans (OnBeanCondition)

   MultipartAutoConfiguration#multipartResolver
      - @ConditionalOnMissingBean (types: org.springframework.web.multipart.support.StandardServletMultipartResolver; SearchStrategy: all) found no beans (OnBeanCondition)

   PropertyPlaceholderAutoConfiguration#propertySourcesPlaceholderConfigurer
      - @ConditionalOnMissingBean (types: org.springframework.context.support.PropertySourcesPlaceholderConfigurer; SearchStrategy: current) found no beans (OnBeanCondition)

   ServerPropertiesAutoConfiguration
      - found web application StandardServletEnvironment (OnWebApplicationCondition)

   ServerPropertiesAutoConfiguration#serverProperties
      - @ConditionalOnMissingBean (types: org.springframework.boot.autoconfigure.web.ServerProperties; SearchStrategy: current) found no beans (OnBeanCondition)

   TraceRepositoryAutoConfiguration#traceRepository
      - @ConditionalOnMissingBean (types: org.springframework.boot.actuate.trace.TraceRepository; SearchStrategy: all) found no beans (OnBeanCondition)

   TraceWebFilterAutoConfiguration
      - @ConditionalOnClass classes found: javax.servlet.Servlet,org.springframework.web.servlet.DispatcherServlet,javax.servlet.ServletRegistration (OnClassCondition)

   WebMvcAutoConfiguration
      - found web application StandardServletEnvironment (OnWebApplicationCondition)
      - @ConditionalOnClass classes found: javax.servlet.Servlet,org.springframework.web.servlet.DispatcherServlet,org.springframework.web.servlet.config.annotation.WebMvcConfigurerAdapter (OnClassCondition)
      - @ConditionalOnMissingBean (types: org.springframework.web.servlet.config.annotation.WebMvcConfigurationSupport; SearchStrategy: all) found no beans (OnBeanCondition)

   WebMvcAutoConfiguration#hiddenHttpMethodFilter
      - @ConditionalOnMissingBean (types: org.springframework.web.filter.HiddenHttpMethodFilter; SearchStrategy: all) found no beans (OnBeanCondition)

   WebMvcAutoConfiguration.WebMvcAutoConfigurationAdapter#beanNameViewResolver
      - @ConditionalOnBean (types: org.springframework.web.servlet.View; SearchStrategy: all) found the following [error] (OnBeanCondition)

   WebMvcAutoConfiguration.WebMvcAutoConfigurationAdapter#defaultViewResolver
      - @ConditionalOnMissingBean (types: org.springframework.web.servlet.view.InternalResourceViewResolver; SearchStrategy: all) found no beans (OnBeanCondition)

   WebMvcAutoConfiguration.WebMvcAutoConfigurationAdapter#requestContextListener
      - @ConditionalOnMissingBean (types: org.springframework.web.context.request.RequestContextListener; SearchStrategy: all) found no beans (OnBeanCondition)

   WebMvcAutoConfiguration.WebMvcAutoConfigurationAdapter#viewResolver
      - @ConditionalOnBean (types: org.springframework.web.servlet.ViewResolver; SearchStrategy: all) found the following [beanNameViewResolver, defaultViewResolver] @ConditionalOnMissingBean (names: viewResolver; SearchStrategy: all) found no beans (OnBeanCondition)


Negative matches:
-----------------

   ActiveMQAutoConfiguration
      - required @ConditionalOnClass classes not found: javax.jms.ConnectionFactory,org.apache.activemq.ActiveMQConnectionFactory (OnClassCondition)

   AopAutoConfiguration
      - required @ConditionalOnClass classes not found: org.aspectj.lang.annotation.Aspect,org.aspectj.lang.reflect.Advice (OnClassCondition)

   AuditAutoConfiguration#authenticationAuditListener
      - required @ConditionalOnClass classes not found: org.springframework.security.authentication.event.AbstractAuthenticationEvent (OnClassCondition)

   AuditAutoConfiguration#authorizationAuditListener
      - required @ConditionalOnClass classes not found: org.springframework.security.access.event.AbstractAuthorizationEvent (OnClassCondition)

   BatchAutoConfiguration
      - required @ConditionalOnClass classes not found: org.springframework.batch.core.launch.JobLauncher,org.springframework.jdbc.core.JdbcOperations (OnClassCondition)

   CrshAutoConfiguration
      - required @ConditionalOnClass classes not found: org.crsh.plugin.PluginLifeCycle (OnClassCondition)

   DataSourceAutoConfiguration
      - required @ConditionalOnClass classes not found: org.springframework.jdbc.datasource.embedded.EmbeddedDatabaseType (OnClassCondition)

   DataSourceTransactionManagerAutoConfiguration
      - required @ConditionalOnClass classes not found: org.springframework.jdbc.core.JdbcTemplate (OnClassCondition)

   DeviceDelegatingViewResolverAutoConfiguration
      - found web application StandardServletEnvironment (OnWebApplicationCondition)
      - required @ConditionalOnClass classes not found: org.springframework.mobile.device.view.LiteDeviceDelegatingViewResolver (OnClassCondition)

   DeviceResolverAutoConfiguration
      - required @ConditionalOnClass classes not found: org.springframework.mobile.device.DeviceResolverHandlerInterceptor,org.springframework.mobile.device.DeviceHandlerMethodArgumentResolver (OnClassCondition)

   ElasticsearchAutoConfiguration
      - required @ConditionalOnClass classes not found: org.elasticsearch.client.Client,org.springframework.data.elasticsearch.client.TransportClientFactoryBean,org.springframework.data.elasticsearch.client.NodeClientFactoryBean (OnClassCondition)

   ElasticsearchDataAutoConfiguration
      - required @ConditionalOnClass classes not found: org.elasticsearch.client.Client,org.springframework.data.elasticsearch.core.ElasticsearchTemplate (OnClassCondition)

   ElasticsearchRepositoriesAutoConfiguration
      - required @ConditionalOnClass classes not found: org.elasticsearch.client.Client,org.springframework.data.elasticsearch.repository.ElasticsearchRepository (OnClassCondition)

   EmbeddedServletContainerAutoConfiguration.EmbeddedTomcat
      - required @ConditionalOnClass classes not found: org.apache.catalina.startup.Tomcat (OnClassCondition)

   EndpointMBeanExportAutoConfiguration#mbeanServer
      - @ConditionalOnMissingBean (types: javax.management.MBeanServer; SearchStrategy: all) found the following [mbeanServer] (OnBeanCondition)

   EndpointWebMvcAutoConfiguration#shutdownMvcEndpoint
      - @ConditionalOnBean (types: org.springframework.boot.actuate.endpoint.ShutdownEndpoint; SearchStrategy: all) found the following [shutdownEndpoint] (OnBeanCondition)
      - SpEL expression: ${endpoints.shutdown.enabled:false} (OnExpressionCondition)

   FacebookAutoConfiguration
      - required @ConditionalOnClass classes not found: org.springframework.social.config.annotation.SocialConfigurerAdapter,org.springframework.social.facebook.connect.FacebookConnectionFactory (OnClassCondition)

   FallbackWebSecurityAutoConfiguration
      - SpEL expression on org.springframework.boot.autoconfigure.security.FallbackWebSecurityAutoConfiguration: !${security.basic.enabled:true} (OnExpressionCondition)

   FlywayAutoConfiguration
      - required @ConditionalOnClass classes not found: org.flywaydb.core.Flyway (OnClassCondition)

   FreeMarkerAutoConfiguration
      - required @ConditionalOnClass classes not found: freemarker.template.Configuration,org.springframework.ui.freemarker.FreeMarkerConfigurationFactory (OnClassCondition)

   GroovyTemplateAutoConfiguration
      - required @ConditionalOnClass classes not found: groovy.text.TemplateEngine (OnClassCondition)

   HealthIndicatorAutoConfiguration#statusHealthIndicator
      - @ConditionalOnMissingBean (types: org.springframework.boot.actuate.health.HealthIndicator; SearchStrategy: all) found the following [mongoHealthIndicator] (OnBeanCondition)

   HealthIndicatorAutoConfiguration.DataSourcesHealthIndicatorConfiguration
      - SpEL expression on org.springframework.boot.actuate.autoconfigure.HealthIndicatorAutoConfiguration$DataSourcesHealthIndicatorConfiguration: ${health.db.enabled:true} (OnExpressionCondition)
      - @ConditionalOnBean (types: javax.sql.DataSource; SearchStrategy: all) found no beans (OnBeanCondition)

   HealthIndicatorAutoConfiguration.RabbitHealthIndicatorConfiguration
      - SpEL expression on org.springframework.boot.actuate.autoconfigure.HealthIndicatorAutoConfiguration$RabbitHealthIndicatorConfiguration: ${health.rabbit.enabled:true} (OnExpressionCondition)
      - @ConditionalOnBean (types: org.springframework.amqp.rabbit.core.RabbitTemplate; SearchStrategy: all) found no beans (OnBeanCondition)

   HealthIndicatorAutoConfiguration.RedisHealthIndicatorConfiguration
      - SpEL expression on org.springframework.boot.actuate.autoconfigure.HealthIndicatorAutoConfiguration$RedisHealthIndicatorConfiguration: ${health.redis.enabled:true} (OnExpressionCondition)
      - @ConditionalOnBean (types: org.springframework.data.redis.connection.RedisConnectionFactory; SearchStrategy: all) found no beans (OnBeanCondition)

   HealthIndicatorAutoConfiguration.SolrHealthIndicatorConfiguration
      - SpEL expression on org.springframework.boot.actuate.autoconfigure.HealthIndicatorAutoConfiguration$SolrHealthIndicatorConfiguration: ${health.solr.enabled:true} (OnExpressionCondition)
      - @ConditionalOnBean (types: org.apache.solr.client.solrj.SolrServer; SearchStrategy: all) found no beans (OnBeanCondition)

   HibernateJpaAutoConfiguration
      - did not find HibernateEntityManager class (HibernateJpaAutoConfiguration.HibernateEntityManagerCondition)

   HornetQAutoConfiguration
      - required @ConditionalOnClass classes not found: javax.jms.ConnectionFactory,org.hornetq.api.jms.HornetQJMSClient (OnClassCondition)

   HttpMessageConvertersAutoConfiguration.ObjectMappers#mappingJackson2HttpMessageConverter
      - @ConditionalOnMissingBean (types: org.springframework.http.converter.json.MappingJackson2HttpMessageConverter; SearchStrategy: all) found the following [jacksonHttpMessageConverter, halJacksonHttpMessageConverter] (OnBeanCondition)

   HypermediaAutoConfiguration.EntityLinksConfiguration
      - @ConditionalOnMissingBean (types: org.springframework.hateoas.EntityLinks; SearchStrategy: all) found the following [entityLinks, delegatingEntityLinks, controllerEntityLinks] (OnBeanCondition)

   HypermediaAutoConfiguration.HypermediaConfiguration
      - @ConditionalOnMissingBean (types: org.springframework.hateoas.LinkDiscoverers; SearchStrategy: all) found the following [org.springframework.hateoas.LinkDiscoverers#0] (OnBeanCondition)

   IntegrationAutoConfiguration
      - required @ConditionalOnClass classes not found: org.springframework.integration.config.EnableIntegration (OnClassCondition)

   JacksonAutoConfiguration.JacksonObjectMapperAutoConfiguration#jacksonObjectMapper
      - @ConditionalOnMissingBean (types: com.fasterxml.jackson.databind.ObjectMapper; SearchStrategy: all) found the following [objectMapper, halObjectMapper, _halObjectMapper] (OnBeanCondition)

   JacksonAutoConfiguration.JodaModuleAutoConfiguration
      - required @ConditionalOnClass classes not found: com.fasterxml.jackson.datatype.joda.JodaModule (OnClassCondition)

   JacksonAutoConfiguration.Jsr310ModuleAutoConfiguration
      - Required JVM version 1.8 or newer found 1.7 (OnJavaCondition)

   JmsAutoConfiguration
      - required @ConditionalOnClass classes not found: org.springframework.jms.core.JmsTemplate (OnClassCondition)

   JmxAutoConfiguration#mbeanExporter
      - @ConditionalOnMissingBean (types: org.springframework.jmx.export.MBeanExporter; SearchStrategy: current) found the following [mbeanExporter] (OnBeanCondition)

   JolokiaAutoConfiguration
      - found web application StandardServletEnvironment (OnWebApplicationCondition)
      - required @ConditionalOnClass classes not found: org.jolokia.http.AgentServlet (OnClassCondition)

   JpaRepositoriesAutoConfiguration
      - required @ConditionalOnClass classes not found: org.springframework.data.jpa.repository.JpaRepository (OnClassCondition)

   LinkedInAutoConfiguration
      - required @ConditionalOnClass classes not found: org.springframework.social.config.annotation.SocialConfigurerAdapter,org.springframework.social.linkedin.connect.LinkedInConnectionFactory (OnClassCondition)

   LiquibaseAutoConfiguration
      - required @ConditionalOnClass classes not found: liquibase.integration.spring.SpringLiquibase (OnClassCondition)

   ManagementSecurityAutoConfiguration
      - required @ConditionalOnClass classes not found: org.springframework.security.config.annotation.web.configuration.EnableWebSecurity (OnClassCondition)

   ManagementServerPropertiesAutoConfiguration#securityProperties
      - @ConditionalOnMissingBean (types: org.springframework.boot.autoconfigure.security.SecurityProperties; SearchStrategy: all) found no beans (OnBeanCondition)
      - required @ConditionalOnClass classes not found: org.springframework.security.config.annotation.web.configuration.EnableWebSecurity (OnClassCondition)

   ManagementServerPropertiesAutoConfiguration#serverProperties
      - @ConditionalOnMissingBean (types: org.springframework.boot.autoconfigure.web.ServerProperties; SearchStrategy: all) found the following [serverProperties] (OnBeanCondition)

   MessageSourceAutoConfiguration
      - No bundle found for spring.messages.basename: messages (MessageSourceAutoConfiguration.ResourceBundleCondition)

   MetricRepositoryAutoConfiguration.CodahaleMetricRegistryConfiguration
      - required @ConditionalOnClass classes not found: com.codahale.metrics.MetricRegistry (OnClassCondition)

   MetricRepositoryAutoConfiguration.MetricsChannelConfiguration
      - required @ConditionalOnClass classes not found: org.springframework.messaging.MessageChannel (OnClassCondition)

   MongoRepositoriesAutoConfiguration
      - @ConditionalOnClass classes found: com.mongodb.Mongo,org.springframework.data.mongodb.repository.MongoRepository (OnClassCondition)
      - SpEL expression on org.springframework.boot.autoconfigure.data.mongo.MongoRepositoriesAutoConfiguration: ${spring.data.mongo.repositories.enabled:true} (OnExpressionCondition)
      - @ConditionalOnMissingBean (types: org.springframework.data.repository.core.support.RepositoryFactoryBeanSupport; SearchStrategy: all) found the following [&customerRepository] (OnBeanCondition)

   RabbitAutoConfiguration
      - required @ConditionalOnClass classes not found: org.springframework.amqp.rabbit.core.RabbitTemplate,com.rabbitmq.client.Channel (OnClassCondition)

   ReactorAutoConfiguration
      - required @ConditionalOnClass classes not found: reactor.spring.context.config.EnableReactor (OnClassCondition)

   RedisAutoConfiguration
      - required @ConditionalOnClass classes not found: org.springframework.data.redis.connection.jedis.JedisConnection,org.springframework.data.redis.core.RedisOperations,redis.clients.jedis.Jedis (OnClassCondition)

   RepositoryRestMvcAutoConfiguration
      - found web application StandardServletEnvironment (OnWebApplicationCondition)
      - @ConditionalOnClass classes found: org.springframework.data.rest.webmvc.config.RepositoryRestMvcConfiguration (OnClassCondition)
      - @ConditionalOnMissingBean (types: org.springframework.data.rest.webmvc.config.RepositoryRestMvcConfiguration; SearchStrategy: all) found the following [org.springframework.data.rest.webmvc.config.RepositoryRestMvcConfiguration] (OnBeanCondition)

   SecurityAutoConfiguration
      - required @ConditionalOnClass classes not found: org.springframework.security.authentication.AuthenticationManager (OnClassCondition)

   SitePreferenceAutoConfiguration
      - required @ConditionalOnClass classes not found: org.springframework.mobile.device.site.SitePreferenceHandlerInterceptor,org.springframework.mobile.device.site.SitePreferenceHandlerMethodArgumentResolver (OnClassCondition)

   SocialWebAutoConfiguration
      - required @ConditionalOnClass classes not found: org.springframework.social.connect.web.ConnectController,org.springframework.social.config.annotation.SocialConfigurerAdapter (OnClassCondition)

   SolrAutoConfiguration
      - required @ConditionalOnClass classes not found: org.apache.solr.client.solrj.impl.HttpSolrServer,org.apache.solr.client.solrj.impl.CloudSolrServer (OnClassCondition)

   SolrRepositoriesAutoConfiguration
      - required @ConditionalOnClass classes not found: org.apache.solr.client.solrj.SolrServer,org.springframework.data.solr.repository.SolrRepository (OnClassCondition)

   ThymeleafAutoConfiguration
      - required @ConditionalOnClass classes not found: org.thymeleaf.spring4.SpringTemplateEngine (OnClassCondition)

   TwitterAutoConfiguration
      - required @ConditionalOnClass classes not found: org.springframework.social.config.annotation.SocialConfigurerAdapter,org.springframework.social.twitter.connect.TwitterConnectionFactory (OnClassCondition)

   VelocityAutoConfiguration
      - required @ConditionalOnClass classes not found: org.apache.velocity.app.VelocityEngine,org.springframework.ui.velocity.VelocityEngineFactory (OnClassCondition)

   WebMvcAutoConfiguration.WebMvcAutoConfigurationAdapter#dateFormatter
      - @ConditionalOnProperty missing required properties: date-format not found (OnPropertyCondition)

   WebMvcAutoConfiguration.WebMvcAutoConfigurationAdapter#localeResolver
      - @ConditionalOnMissingBean (types: org.springframework.web.servlet.LocaleResolver; SearchStrategy: all) found no beans (OnBeanCondition)
      - @ConditionalOnProperty missing required properties: locale not found (OnPropertyCondition)

   WebSocketAutoConfiguration
      - required @ConditionalOnClass classes not found: org.apache.catalina.startup.Tomcat,org.springframework.web.socket.WebSocketHandler,org.apache.tomcat.websocket.server.WsSci (OnClassCondition)



2014-09-09 17:15:49.771 DEBUG 6358 --- [           main] ricFilterAutoConfiguration$MetricsFilter : Initializing filter 'metricFilter'
2014-09-09 17:15:49.773 DEBUG 6358 --- [           main] ricFilterAutoConfiguration$MetricsFilter : Filter 'metricFilter' configured successfully
2014-09-09 17:15:49.773 DEBUG 6358 --- [           main] iguration$ApplicationContextHeaderFilter : Initializing filter 'applicationContextIdFilter'
2014-09-09 17:15:49.773 DEBUG 6358 --- [           main] iguration$ApplicationContextHeaderFilter : Filter 'applicationContextIdFilter' configured successfully
2014-09-09 17:15:49.773 DEBUG 6358 --- [           main] o.s.b.a.trace.WebRequestTraceFilter      : Initializing filter 'webRequestLoggingFilter'
2014-09-09 17:15:49.773 DEBUG 6358 --- [           main] o.s.b.a.trace.WebRequestTraceFilter      : Filter 'webRequestLoggingFilter' configured successfully
2014-09-09 17:15:49.775  INFO 6358 --- [           main] /                                        : Initializing Spring FrameworkServlet 'dispatcherServlet'
2014-09-09 17:15:49.775  INFO 6358 --- [           main] o.s.web.servlet.DispatcherServlet        : FrameworkServlet 'dispatcherServlet': initialization started
2014-09-09 17:15:49.826  INFO 6358 --- [           main] o.s.web.servlet.DispatcherServlet        : FrameworkServlet 'dispatcherServlet': initialization completed in 50 ms
2014-09-09 17:15:49.870  INFO 6358 --- [           main] o.e.jetty.server.AbstractConnector       : Started SelectChannelConnector@0.0.0.0:8080
2014-09-09 17:15:49.874  INFO 6358 --- [           main] .s.b.c.e.j.JettyEmbeddedServletContainer : Jetty started on port: 8080
Customers found so far:
Customer[id=540f27b5da06fb35888ce104, firstName='John', lastName='Smith', createdOn='09.09.2014 at 17:15:49 BST']
Customer[id=540f27b5da06fb35888ce105, firstName='Alice', lastName='Smith', createdOn='09.09.2014 at 17:15:49 BST']
2014-09-09 17:15:49.920  INFO 6358 --- [           main] hello.Application                        : Started Application in 6.613 seconds (JVM running for 7.292)
Let's inspect the beans provided by Spring Boot:
_halObjectMapper
_linkDiscovererRegistry
_relProvider
annotatedHandlerBeanPostProcessor
annotationRelProvider
application
applicationContextIdFilter
auditEventRepository
auditListener
autoConfigurationAuditEndpoint
backendIdConverterRegistry
backendIdHandlerMethodArgumentResolver
baseUri
basicErrorController
beanNameHandlerMapping
beanNameViewResolver
beansEndpoint
config
configurationPropertiesReportEndpoint
controllerEntityLinks
counterService
customerRepository
defaultConversionService
defaultMessageConverters
defaultRelProvider
defaultServletHandlerMapping
defaultViewResolver
delegatingEntityLinks
dispatcherServlet
dispatcherServletRegistration
domainClassConverter
domainObjectMerger
dumpEndpoint
embeddedServletContainerCustomizerBeanPostProcessor
endpointHandlerMapping
endpointMBeanExporter
endpoints.health.CONFIGURATION_PROPERTIES
endpoints.jmx.CONFIGURATION_PROPERTIES
entityLinks
entityLinksPluginRegistry
environmentEndpoint
environmentMvcEndpoint
error
errorAttributes
exceptionHandlerExceptionResolver
faviconHandlerMapping
faviconRequestHandler
gaugeService
gridFsTemplate
halJacksonHttpMessageConverter
halObjectMapper
handlerExceptionResolver
healthAggregator
healthEndpoint
healthMvcEndpoint
hiddenHttpMethodFilter
http.mappers.CONFIGURATION_PROPERTIES
httpRequestHandlerAdapter
infoEndpoint
jacksonGeoModule
jacksonHttpMessageConverter
jettyEmbeddedServletContainerFactory
jpaHelper
jsonSchemaConverter
managementServerProperties
mbeanExporter
mbeanServer
messageConverters
metricFilter
metricRepository
metricsEndpoint
metricsMvcEndpoint
mongo
mongoDbFactory
mongoHealthIndicator
mongoMappingContext
mongoTemplate
multipart.CONFIGURATION_PROPERTIES
multipartConfigElement
multipartResolver
mvcContentNegotiationManager
mvcConversionService
mvcEndpoints
mvcUriComponentsContributor
mvcValidator
objectMapper
objectNamingStrategy
org.springframework.boot.actuate.autoconfigure.AuditAutoConfiguration
org.springframework.boot.actuate.autoconfigure.AuditAutoConfiguration$AuditEventRepositoryConfiguration
org.springframework.boot.actuate.autoconfigure.EndpointAutoConfiguration
org.springframework.boot.actuate.autoconfigure.EndpointAutoConfiguration$InfoPropertiesConfiguration
org.springframework.boot.actuate.autoconfigure.EndpointAutoConfiguration$RequestMappingEndpointConfiguration
org.springframework.boot.actuate.autoconfigure.EndpointMBeanExportAutoConfiguration
org.springframework.boot.actuate.autoconfigure.EndpointWebMvcAutoConfiguration
org.springframework.boot.actuate.autoconfigure.EndpointWebMvcAutoConfiguration$ApplicationContextFilterConfiguration
org.springframework.boot.actuate.autoconfigure.HealthIndicatorAutoConfiguration
org.springframework.boot.actuate.autoconfigure.HealthIndicatorAutoConfiguration$MongoHealthIndicatorConfiguration
org.springframework.boot.actuate.autoconfigure.ManagementServerPropertiesAutoConfiguration
org.springframework.boot.actuate.autoconfigure.MetricFilterAutoConfiguration
org.springframework.boot.actuate.autoconfigure.MetricRepositoryAutoConfiguration
org.springframework.boot.actuate.autoconfigure.MetricRepositoryAutoConfiguration$MetricRepositoryConfiguration
org.springframework.boot.actuate.autoconfigure.TraceRepositoryAutoConfiguration
org.springframework.boot.actuate.autoconfigure.TraceWebFilterAutoConfiguration
org.springframework.boot.autoconfigure.AutoConfigurationPackages
org.springframework.boot.autoconfigure.PropertyPlaceholderAutoConfiguration
org.springframework.boot.autoconfigure.hateoas.HypermediaAutoConfiguration
org.springframework.boot.autoconfigure.jackson.JacksonAutoConfiguration
org.springframework.boot.autoconfigure.jackson.JacksonAutoConfiguration$JacksonObjectMapperAutoConfiguration
org.springframework.boot.autoconfigure.jmx.JmxAutoConfiguration
org.springframework.boot.autoconfigure.jmx.JmxAutoConfiguration$Empty
org.springframework.boot.autoconfigure.mongo.MongoAutoConfiguration
org.springframework.boot.autoconfigure.mongo.MongoDataAutoConfiguration
org.springframework.boot.autoconfigure.web.DispatcherServletAutoConfiguration
org.springframework.boot.autoconfigure.web.DispatcherServletAutoConfiguration$DispatcherServletConfiguration
org.springframework.boot.autoconfigure.web.EmbeddedServletContainerAutoConfiguration
org.springframework.boot.autoconfigure.web.EmbeddedServletContainerAutoConfiguration$EmbeddedJetty
org.springframework.boot.autoconfigure.web.ErrorMvcAutoConfiguration
org.springframework.boot.autoconfigure.web.ErrorMvcAutoConfiguration$WhitelabelErrorViewConfiguration
org.springframework.boot.autoconfigure.web.HttpMessageConvertersAutoConfiguration
org.springframework.boot.autoconfigure.web.HttpMessageConvertersAutoConfiguration$ObjectMappers
org.springframework.boot.autoconfigure.web.MultipartAutoConfiguration
org.springframework.boot.autoconfigure.web.ServerPropertiesAutoConfiguration
org.springframework.boot.autoconfigure.web.WebMvcAutoConfiguration
org.springframework.boot.autoconfigure.web.WebMvcAutoConfiguration$WebMvcAutoConfigurationAdapter
org.springframework.boot.autoconfigure.web.WebMvcAutoConfiguration$WebMvcAutoConfigurationAdapter$FaviconConfiguration
org.springframework.boot.context.properties.ConfigurationPropertiesBindingPostProcessor
org.springframework.boot.context.properties.ConfigurationPropertiesBindingPostProcessor.store
org.springframework.context.annotation.ConfigurationClassPostProcessor.enhancedConfigurationProcessor
org.springframework.context.annotation.ConfigurationClassPostProcessor.importAwareProcessor
org.springframework.context.annotation.MBeanExportConfiguration
org.springframework.context.annotation.internalAutowiredAnnotationProcessor
org.springframework.context.annotation.internalCommonAnnotationProcessor
org.springframework.context.annotation.internalConfigurationAnnotationProcessor
org.springframework.context.annotation.internalRequiredAnnotationProcessor
org.springframework.data.mongodb.repository.config.MongoRepositoryConfigurationExtension#0
org.springframework.data.repository.core.support.RepositoryInterfaceAwareBeanPostProcessor#0
org.springframework.data.rest.webmvc.config.RepositoryRestMvcConfiguration
org.springframework.data.web.config.SpringDataJacksonConfiguration
org.springframework.hateoas.LinkDiscoverers#0
org.springframework.hateoas.config.HypermediaSupportBeanDefinitionRegistrar$Jackson2ModuleRegisteringBeanPostProcessor#0
org.springframework.web.servlet.config.annotation.DelegatingWebMvcConfiguration
pageableResolver
pagedResourcesAssembler
pagedResourcesAssemblerArgumentResolver
persistentEntities
persistentEntityArgumentResolver
propertySourcesPlaceholderConfigurer
relProviderPluginRegistry
repoRequestArgumentResolver
repositories
repositoryController
repositoryEntityController
repositoryExporterHandlerAdapter
repositoryExporterHandlerMapping
repositoryInvokerFactory
repositoryPropertyReferenceController
repositoryRelProvider
repositorySchemaController
repositorySearchController
requestContextListener
requestMappingEndpoint
requestMappingHandlerAdapter
requestMappingHandlerMapping
resourceDescriptionMessageSourceAccessor
resourceHandlerMapping
resourceMappings
resourceMetadataHandlerMethodArgumentResolver
serverHttpRequestMethodArgumentResolver
serverProperties
shutdownEndpoint
simpleControllerHandlerAdapter
sortResolver
spring.data.mongodb.CONFIGURATION_PROPERTIES
spring.mvc.CONFIGURATION_PROPERTIES
spring.resources.CONFIGURATION_PROPERTIES
traceEndpoint
traceRepository
uriListHttpMessageConverter
uriToEntityConverter
validatingRepositoryEventListener
viewControllerHandlerMapping
viewResolver
webRequestLoggingFilter
2014-09-09 17:18:18.424 DEBUG 6358 --- [qtp409191416-23] o.s.b.a.e.mvc.EndpointHandlerMapping     : Looking up handler method for path /
2014-09-09 17:18:18.426 DEBUG 6358 --- [qtp409191416-23] o.s.b.a.e.mvc.EndpointHandlerMapping     : Did not find handler method for [/]
2014-09-09 17:18:18.691 DEBUG 6358 --- [qtp409191416-22] o.s.b.a.e.mvc.EndpointHandlerMapping     : Looking up handler method for path /
2014-09-09 17:18:18.692 DEBUG 6358 --- [qtp409191416-22] o.s.b.a.e.mvc.EndpointHandlerMapping     : Did not find handler method for [/]
2014-09-09 17:18:23.277 DEBUG 6358 --- [qtp409191416-21] o.s.b.a.e.mvc.EndpointHandlerMapping     : Looking up handler method for path /customer{
2014-09-09 17:18:23.279 DEBUG 6358 --- [qtp409191416-21] o.s.b.a.e.mvc.EndpointHandlerMapping     : Did not find handler method for [/customer{]
2014-09-09 17:18:23.514 DEBUG 6358 --- [qtp409191416-22] o.s.b.a.e.mvc.EndpointHandlerMapping     : Looking up handler method for path /customer{
2014-09-09 17:18:23.515 DEBUG 6358 --- [qtp409191416-22] o.s.b.a.e.mvc.EndpointHandlerMapping     : Did not find handler method for [/customer{]
2014-09-09 17:19:53.988 DEBUG 6358 --- [qtp409191416-21] o.s.b.a.e.mvc.EndpointHandlerMapping     : Looking up handler method for path /customer/540f27b5da06fb35888ce104
2014-09-09 17:19:53.989 DEBUG 6358 --- [qtp409191416-21] o.s.b.a.e.mvc.EndpointHandlerMapping     : Did not find handler method for [/customer/540f27b5da06fb35888ce104]
2014-09-09 17:19:54.166 DEBUG 6358 --- [qtp409191416-23] o.s.b.a.e.mvc.EndpointHandlerMapping     : Looking up handler method for path /customer/540f27b5da06fb35888ce104
2014-09-09 17:19:54.168 DEBUG 6358 --- [qtp409191416-23] o.s.b.a.e.mvc.EndpointHandlerMapping     : Did not find handler method for [/customer/540f27b5da06fb35888ce104]
2014-09-09 17:47:57.502 DEBUG 6358 --- [qtp409191416-22] o.s.b.a.e.mvc.EndpointHandlerMapping     : Looking up handler method for path /customer/540f27b5da06fb35888ce104
2014-09-09 17:47:57.504 DEBUG 6358 --- [qtp409191416-22] o.s.b.a.e.mvc.EndpointHandlerMapping     : Did not find handler method for [/customer/540f27b5da06fb35888ce104]
2014-09-09 17:47:57.654 DEBUG 6358 --- [qtp409191416-20] o.s.b.a.e.mvc.EndpointHandlerMapping     : Looking up handler method for path /customer/540f27b5da06fb35888ce104
2014-09-09 17:47:57.655 DEBUG 6358 --- [qtp409191416-20] o.s.b.a.e.mvc.EndpointHandlerMapping     : Did not find handler method for [/customer/540f27b5da06fb35888ce104]
2014-09-09 17:48:01.876 DEBUG 6358 --- [qtp409191416-23] o.s.b.a.e.mvc.EndpointHandlerMapping     : Looking up handler method for path /
2014-09-09 17:48:01.877 DEBUG 6358 --- [qtp409191416-23] o.s.b.a.e.mvc.EndpointHandlerMapping     : Did not find handler method for [/]
2014-09-09 17:48:02.060 DEBUG 6358 --- [qtp409191416-21] o.s.b.a.e.mvc.EndpointHandlerMapping     : Looking up handler method for path /
2014-09-09 17:48:02.061 DEBUG 6358 --- [qtp409191416-21] o.s.b.a.e.mvc.EndpointHandlerMapping     : Did not find handler method for [/]
2014-09-09 17:48:10.268 DEBUG 6358 --- [qtp409191416-20] o.s.b.a.e.mvc.EndpointHandlerMapping     : Looking up handler method for path /customer{
2014-09-09 17:48:10.269 DEBUG 6358 --- [qtp409191416-20] o.s.b.a.e.mvc.EndpointHandlerMapping     : Did not find handler method for [/customer{]
2014-09-09 17:48:10.422 DEBUG 6358 --- [qtp409191416-23] o.s.b.a.e.mvc.EndpointHandlerMapping     : Looking up handler method for path /customer{
2014-09-09 17:48:10.423 DEBUG 6358 --- [qtp409191416-23] o.s.b.a.e.mvc.EndpointHandlerMapping     : Did not find handler method for [/customer{]
2014-09-09 17:48:43.433 DEBUG 6358 --- [qtp409191416-20] o.s.b.a.e.mvc.EndpointHandlerMapping     : Looking up handler method for path /customer/540f27b5da06fb35888ce104
2014-09-09 17:48:43.434 DEBUG 6358 --- [qtp409191416-20] o.s.b.a.e.mvc.EndpointHandlerMapping     : Did not find handler method for [/customer/540f27b5da06fb35888ce104]
2014-09-09 17:48:43.649 DEBUG 6358 --- [qtp409191416-21] o.s.b.a.e.mvc.EndpointHandlerMapping     : Looking up handler method for path /customer/540f27b5da06fb35888ce104
2014-09-09 17:48:43.650 DEBUG 6358 --- [qtp409191416-21] o.s.b.a.e.mvc.EndpointHandlerMapping     : Did not find handler method for [/customer/540f27b5da06fb35888ce104]
2014-09-09 17:48:47.065 DEBUG 6358 --- [qtp409191416-22] o.s.b.a.e.mvc.EndpointHandlerMapping     : Looking up handler method for path /customer{
2014-09-09 17:48:47.067 DEBUG 6358 --- [qtp409191416-22] o.s.b.a.e.mvc.EndpointHandlerMapping     : Did not find handler method for [/customer{]
2014-09-09 17:48:48.045 DEBUG 6358 --- [qtp409191416-22] o.s.b.a.e.mvc.EndpointHandlerMapping     : Looking up handler method for path /customer/search
2014-09-09 17:48:48.046 DEBUG 6358 --- [qtp409191416-22] o.s.b.a.e.mvc.EndpointHandlerMapping     : Did not find handler method for [/customer/search]
2014-09-09 17:48:48.242 DEBUG 6358 --- [qtp409191416-20] o.s.b.a.e.mvc.EndpointHandlerMapping     : Looking up handler method for path /customer/search
2014-09-09 17:48:48.244 DEBUG 6358 --- [qtp409191416-20] o.s.b.a.e.mvc.EndpointHandlerMapping     : Did not find handler method for [/customer/search]
2014-09-10 10:29:19.776 DEBUG 6358 --- [qtp409191416-22] o.s.b.a.e.mvc.EndpointHandlerMapping     : Looking up handler method for path /customer/search/findByFirstName{
2014-09-10 10:29:19.777 DEBUG 6358 --- [qtp409191416-22] o.s.b.a.e.mvc.EndpointHandlerMapping     : Did not find handler method for [/customer/search/findByFirstName{]
2014-09-10 10:29:20.008 DEBUG 6358 --- [qtp409191416-23] o.s.b.a.e.mvc.EndpointHandlerMapping     : Looking up handler method for path /customer/search/findByFirstName{
2014-09-10 10:29:20.009 DEBUG 6358 --- [qtp409191416-23] o.s.b.a.e.mvc.EndpointHandlerMapping     : Did not find handler method for [/customer/search/findByFirstName{]
2014-09-10 10:29:32.907 DEBUG 6358 --- [qtp409191416-20] o.s.b.a.e.mvc.EndpointHandlerMapping     : Looking up handler method for path /customer/search/findByFirstName
2014-09-10 10:29:32.908 DEBUG 6358 --- [qtp409191416-20] o.s.b.a.e.mvc.EndpointHandlerMapping     : Did not find handler method for [/customer/search/findByFirstName]
2014-09-10 10:29:33.045 DEBUG 6358 --- [qtp409191416-22] o.s.b.a.e.mvc.EndpointHandlerMapping     : Looking up handler method for path /customer/search/findByFirstName
2014-09-10 10:29:33.045 DEBUG 6358 --- [qtp409191416-22] o.s.b.a.e.mvc.EndpointHandlerMapping     : Did not find handler method for [/customer/search/findByFirstName]
2014-09-10 10:29:39.081 DEBUG 6358 --- [qtp409191416-21] o.s.b.a.e.mvc.EndpointHandlerMapping     : Looking up handler method for path /customer/search/findByFirstName{
2014-09-10 10:29:39.082 DEBUG 6358 --- [qtp409191416-21] o.s.b.a.e.mvc.EndpointHandlerMapping     : Did not find handler method for [/customer/search/findByFirstName{]
2014-09-10 10:29:40.000 DEBUG 6358 --- [qtp409191416-20] o.s.b.a.e.mvc.EndpointHandlerMapping     : Looking up handler method for path /customer/search
2014-09-10 10:29:40.001 DEBUG 6358 --- [qtp409191416-20] o.s.b.a.e.mvc.EndpointHandlerMapping     : Did not find handler method for [/customer/search]
